[2022-11-23 04:17:30] local.ERROR: Declaration of App\Models\User::setAttribute($value) must be compatible with Illuminate\Database\Eloquent\Model::setAttribute($key, $value) {"exception":"[object] (Symfony\\Component\\ErrorHandler\\Error\\FatalError(code: 0): Declaration of App\\Models\\User::setAttribute($value) must be compatible with Illuminate\\Database\\Eloquent\\Model::setAttribute($key, $value) at /mnt/e/server/lodata/app/Models/User.php:45)
[stacktrace]
#0 {main}
"} 
[2022-11-23 04:20:57] local.ERROR: SQLSTATE[HY000] [2002] Connection refused {"exception":"[object] (PDOException(code: 2002): SQLSTATE[HY000] [2002] Connection refused at /mnt/e/server/lodata/vendor/laravel/framework/src/Illuminate/Database/Connectors/Connector.php:70)
[stacktrace]
#0 /mnt/e/server/lodata/vendor/laravel/framework/src/Illuminate/Database/Connectors/Connector.php(70): PDO->__construct()
#1 /mnt/e/server/lodata/vendor/laravel/framework/src/Illuminate/Database/Connectors/Connector.php(100): Illuminate\\Database\\Connectors\\Connector->createPdoConnection()
#2 /mnt/e/server/lodata/vendor/laravel/framework/src/Illuminate/Database/Connectors/Connector.php(50): Illuminate\\Database\\Connectors\\Connector->tryAgainIfCausedByLostConnection()
#3 /mnt/e/server/lodata/vendor/laravel/framework/src/Illuminate/Database/Connectors/MySqlConnector.php(24): Illuminate\\Database\\Connectors\\Connector->createConnection()
#4 /mnt/e/server/lodata/vendor/laravel/framework/src/Illuminate/Database/Connectors/ConnectionFactory.php(184): Illuminate\\Database\\Connectors\\MySqlConnector->connect()
#5 [internal function]: Illuminate\\Database\\Connectors\\ConnectionFactory->Illuminate\\Database\\Connectors\\{closure}()
#6 /mnt/e/server/lodata/vendor/laravel/framework/src/Illuminate/Database/Connection.php(1171): call_user_func()
#7 /mnt/e/server/lodata/vendor/laravel/framework/src/Illuminate/Database/Connection.php(1120): Illuminate\\Database\\Connection->getPdo()
#8 /mnt/e/server/lodata/vendor/laravel/framework/src/Illuminate/Database/Connection.php(1100): Illuminate\\Database\\Connection->getDoctrineConnection()
#9 /mnt/e/server/lodata/vendor/flat3/lodata/src/Drivers/SQL/SQLSchema.php(38): Illuminate\\Database\\Connection->getDoctrineSchemaManager()
#10 /mnt/e/server/lodata/vendor/laravel/framework/src/Illuminate/Cache/Repository.php(391): Flat3\\Lodata\\Drivers\\EloquentEntitySet->Flat3\\Lodata\\Drivers\\SQL\\{closure}()
#11 /mnt/e/server/lodata/vendor/flat3/lodata/src/Helper/Discovery.php(69): Illuminate\\Cache\\Repository->remember()
#12 /mnt/e/server/lodata/vendor/flat3/lodata/src/Drivers/SQL/SQLSchema.php(44): Flat3\\Lodata\\Helper\\Discovery->remember()
#13 /mnt/e/server/lodata/vendor/flat3/lodata/src/Drivers/EloquentEntitySet.php(641): Flat3\\Lodata\\Drivers\\EloquentEntitySet->discoverProperties()
#14 /mnt/e/server/lodata/vendor/flat3/lodata/src/Helper/Discovery.php(41): Flat3\\Lodata\\Drivers\\EloquentEntitySet->discover()
#15 /mnt/e/server/lodata/vendor/flat3/lodata/src/Model.php(334): Flat3\\Lodata\\Helper\\Discovery->discover()
#16 /mnt/e/server/lodata/vendor/laravel/framework/src/Illuminate/Support/Facades/Facade.php(338): Flat3\\Lodata\\Model->discover()
#17 /mnt/e/server/lodata/app/Providers/AppServiceProvider.php(26): Illuminate\\Support\\Facades\\Facade::__callStatic()
#18 /mnt/e/server/lodata/vendor/laravel/framework/src/Illuminate/Container/BoundMethod.php(36): App\\Providers\\AppServiceProvider->boot()
#19 /mnt/e/server/lodata/vendor/laravel/framework/src/Illuminate/Container/Util.php(41): Illuminate\\Container\\BoundMethod::Illuminate\\Container\\{closure}()
#20 /mnt/e/server/lodata/vendor/laravel/framework/src/Illuminate/Container/BoundMethod.php(93): Illuminate\\Container\\Util::unwrapIfClosure()
#21 /mnt/e/server/lodata/vendor/laravel/framework/src/Illuminate/Container/BoundMethod.php(37): Illuminate\\Container\\BoundMethod::callBoundMethod()
#22 /mnt/e/server/lodata/vendor/laravel/framework/src/Illuminate/Container/Container.php(651): Illuminate\\Container\\BoundMethod::call()
#23 /mnt/e/server/lodata/vendor/laravel/framework/src/Illuminate/Foundation/Application.php(933): Illuminate\\Container\\Container->call()
#24 /mnt/e/server/lodata/vendor/laravel/framework/src/Illuminate/Foundation/Application.php(914): Illuminate\\Foundation\\Application->bootProvider()
#25 [internal function]: Illuminate\\Foundation\\Application->Illuminate\\Foundation\\{closure}()
#26 /mnt/e/server/lodata/vendor/laravel/framework/src/Illuminate/Foundation/Application.php(915): array_walk()
#27 /mnt/e/server/lodata/vendor/laravel/framework/src/Illuminate/Foundation/Bootstrap/BootProviders.php(17): Illuminate\\Foundation\\Application->boot()
#28 /mnt/e/server/lodata/vendor/laravel/framework/src/Illuminate/Foundation/Application.php(242): Illuminate\\Foundation\\Bootstrap\\BootProviders->bootstrap()
#29 /mnt/e/server/lodata/vendor/laravel/framework/src/Illuminate/Foundation/Console/Kernel.php(383): Illuminate\\Foundation\\Application->bootstrapWith()
#30 /mnt/e/server/lodata/vendor/laravel/framework/src/Illuminate/Foundation/Console/Kernel.php(153): Illuminate\\Foundation\\Console\\Kernel->bootstrap()
#31 /mnt/e/server/lodata/artisan(37): Illuminate\\Foundation\\Console\\Kernel->handle()
#32 {main}
"} 
